TN:
SF:src\App.tsx
FN:38,(anonymous_0)
FN:42,App
FN:46,(anonymous_2)
FN:47,(anonymous_3)
FN:50,(anonymous_4)
FN:51,(anonymous_5)
FN:54,(anonymous_6)
FN:55,(anonymous_7)
FNF:8
FNH:1
FNDA:0,(anonymous_0)
FNDA:1,App
FNDA:0,(anonymous_2)
FNDA:0,(anonymous_3)
FNDA:0,(anonymous_4)
FNDA:0,(anonymous_5)
FNDA:0,(anonymous_6)
FNDA:0,(anonymous_7)
DA:23,1
DA:28,1
DA:30,1
DA:34,1
DA:38,1
DA:39,0
DA:43,1
DA:44,1
DA:46,1
DA:47,0
DA:50,1
DA:51,0
DA:54,1
DA:55,0
DA:59,1
LF:15
LH:11
BRF:0
BRH:0
end_of_record
TN:
SF:src\components\ui\button.tsx
FN:44,Button
FNF:1
FNH:0
FNDA:0,Button
DA:7,1
DA:54,0
DA:56,0
LF:3
LH:1
BRDA:46,0,0,0
BRDA:47,1,0,0
BRDA:48,2,0,0
BRDA:54,3,0,0
BRDA:54,3,1,0
BRF:5
BRH:0
end_of_record
TN:
SF:src\components\ui\command.tsx
FN:18,Command
FN:34,CommandDialog
FN:66,CommandInput
FN:86,CommandList
FN:102,CommandEmpty
FN:115,CommandGroup
FN:131,CommandSeparator
FN:144,CommandItem
FN:164,CommandShortcut
FNF:9
FNH:2
FNDA:2,Command
FNDA:0,CommandDialog
FNDA:2,CommandInput
FNDA:0,CommandList
FNDA:0,CommandEmpty
FNDA:0,CommandGroup
FNDA:0,CommandSeparator
FNDA:0,CommandItem
FNDA:0,CommandShortcut
DA:22,2
DA:47,0
DA:70,2
DA:90,0
DA:106,0
DA:119,0
DA:135,0
DA:149,0
DA:168,0
LF:9
LH:2
BRDA:35,0,0,0
BRDA:36,1,0,0
BRDA:39,2,0,0
BRF:3
BRH:0
end_of_record
TN:
SF:src\components\ui\commandbox.tsx
FN:14,CommandBox
FN:19,(anonymous_1)
FN:28,(anonymous_2)
FN:32,(anonymous_3)
FNF:4
FNH:1
FNDA:2,CommandBox
FNDA:0,(anonymous_1)
FNDA:0,(anonymous_2)
FNDA:0,(anonymous_3)
DA:16,2
DA:17,2
DA:19,2
DA:20,0
DA:21,0
DA:22,0
DA:23,0
DA:28,0
DA:32,2
DA:33,0
DA:34,0
DA:35,0
DA:39,2
LF:13
LH:5
BRDA:21,0,0,0
BRDA:21,0,1,0
BRDA:33,1,0,0
BRDA:33,1,1,0
BRF:4
BRH:0
end_of_record
TN:
SF:src\components\ui\dialog.tsx
FN:8,Dialog
FN:14,DialogTrigger
FN:20,DialogPortal
FN:26,DialogClose
FN:32,DialogOverlay
FN:48,DialogContent
FN:86,DialogHeader
FN:96,DialogFooter
FN:123,DialogTitle
FN:139,DialogDescription
FNF:10
FNH:0
FNDA:0,Dialog
FNDA:0,DialogTrigger
FNDA:0,DialogPortal
FNDA:0,DialogClose
FNDA:0,DialogOverlay
FNDA:0,DialogContent
FNDA:0,DialogHeader
FNDA:0,DialogFooter
FNDA:0,DialogTitle
FNDA:0,DialogDescription
DA:11,0
DA:17,0
DA:23,0
DA:29,0
DA:36,0
DA:56,0
DA:87,0
DA:104,0
DA:127,0
DA:143,0
LF:10
LH:0
BRDA:51,0,0,0
BRDA:68,1,0,0
BRDA:68,1,1,0
BRDA:98,2,0,0
BRDA:114,3,0,0
BRDA:114,3,1,0
BRF:6
BRH:0
end_of_record
TN:
SF:src\components\ui\input-group.tsx
FN:11,InputGroup
FN:46,InputGroupAddon
FN:57,(anonymous_2)
FN:86,InputGroupButton
FN:105,InputGroupText
FN:117,InputGroupInput
FN:133,InputGroupTextarea
FNF:7
FNH:1
FNDA:2,InputGroup
FNDA:0,InputGroupAddon
FNDA:0,(anonymous_2)
FNDA:0,InputGroupButton
FNDA:0,InputGroupText
FNDA:0,InputGroupInput
FNDA:0,InputGroupTextarea
DA:1,1
DA:12,2
DA:25,1
DA:51,0
DA:58,0
DA:59,0
DA:61,0
DA:68,1
DA:94,0
DA:106,0
DA:121,0
DA:137,0
LF:12
LH:4
BRDA:48,0,0,0
BRDA:58,1,0,0
BRDA:58,1,1,0
BRDA:88,2,0,0
BRDA:89,3,0,0
BRDA:90,4,0,0
BRF:6
BRH:0
end_of_record
TN:
SF:src\components\ui\input.tsx
FN:5,Input
FNF:1
FNH:0
FNDA:0,Input
DA:6,0
LF:1
LH:0
BRF:0
BRH:0
end_of_record
TN:
SF:src\components\ui\textarea.tsx
FN:5,Textarea
FNF:1
FNH:0
FNDA:0,Textarea
DA:6,0
LF:1
LH:0
BRF:0
BRH:0
end_of_record
TN:
SF:src\lib\utils.ts
FN:4,cn
FNF:1
FNH:1
FNDA:6,cn
DA:5,6
LF:1
LH:1
BRF:0
BRH:0
end_of_record
